<?xml version="1.0" encoding="UTF-8"?>
<!-- Generated by org.testng.reporters.JUnitReportReporter -->
<testsuite hostname="Sayantan" failures="0" tests="1" name="testCases.TC_001_AccountRegistrationTest" time="2.542" errors="0" timestamp="2024-08-14T12:35:16 IST" skipped="0">
  <testcase classname="testCases.TC_001_AccountRegistrationTest" name="verify_account_registration" time="2.542"/>
</testsuite> <!-- testCases.TC_001_AccountRegistrationTest -->
